<?xml version="1.0" encoding="UTF-8"?>
<!-- Generated by org.testng.reporters.JUnitReportReporter -->
<testsuite hostname="Arun" name="com.tests.LaunchBrowserTest" tests="1" failures="0" timestamp="24 Feb 2020 06:24:20 GMT" time="17.364" errors="0">
  <testcase name="Launch" time="17.364" classname="com.tests.LaunchBrowserTest"/>
</testsuite> <!-- com.tests.LaunchBrowserTest -->
